[INFO ] 2023-11-21 10:42:02.032 [main] loginStepdefinition - User select the holiday tour package
[INFO ] 2023-11-21 10:42:13.060 [main] loginStepdefinition - User select a Europe tour package
[INFO ] 2023-11-21 10:42:22.559 [main] loginStepdefinition - User select a departure place
[INFO ] 2023-11-21 10:42:28.761 [main] loginStepdefinition - User confirms their departure city
[INFO ] 2023-11-21 10:42:33.721 [main] loginStepdefinition - User select their month of travel
[INFO ] 2023-11-21 10:42:41.975 [main] loginStepdefinition - User confirms their month of travel
[INFO ] 2023-11-21 10:42:47.106 [main] loginStepdefinition - User select the duration of stay for the travel
[INFO ] 2023-11-21 10:42:52.281 [main] loginStepdefinition - User confirms their duration of travel
[INFO ] 2023-11-21 10:42:58.692 [main] loginStepdefinition - User select package for travel
[INFO ] 2023-11-21 10:43:03.969 [main] loginStepdefinition - User confirms their package type
[INFO ] 2023-11-21 10:43:09.790 [main] loginStepdefinition - User select their theme
[INFO ] 2023-11-21 10:43:15.097 [main] loginStepdefinition - User select their Theme
[INFO ] 2023-11-21 10:43:19.406 [main] loginStepdefinition - User choose their travel locatiion
[INFO ] 2023-11-21 10:44:23.011 [main] loginStepdefinition - User select the holiday tour package
[INFO ] 2023-11-21 10:44:35.367 [main] loginStepdefinition - User select a Europe tour package
[INFO ] 2023-11-21 10:46:20.780 [main] loginStepdefinition - User select the holiday tour package
[INFO ] 2023-11-21 10:46:38.249 [main] loginStepdefinition - User select a Europe tour package
[INFO ] 2023-11-21 10:46:41.398 [main] loginStepdefinition - User select a departure place
[INFO ] 2023-11-21 10:46:43.249 [main] loginStepdefinition - User confirms their departure city
[INFO ] 2023-11-21 10:46:53.347 [main] loginStepdefinition - User select their month of travel
[INFO ] 2023-11-21 10:46:58.333 [main] loginStepdefinition - User confirms their month of travel
[INFO ] 2023-11-21 10:47:04.333 [main] loginStepdefinition - User select the duration of stay for the travel
[INFO ] 2023-11-21 10:47:08.236 [main] loginStepdefinition - User confirms their duration of travel
[INFO ] 2023-11-21 10:47:13.473 [main] loginStepdefinition - User select package for travel
[INFO ] 2023-11-21 10:47:18.746 [main] loginStepdefinition - User confirms their package type
[INFO ] 2023-11-21 10:47:24.652 [main] loginStepdefinition - User select their theme
[INFO ] 2023-11-21 10:47:28.465 [main] loginStepdefinition - User select their Theme
[INFO ] 2023-11-21 10:57:14.120 [main] loginStepdefinition - User select the holiday tour package
[INFO ] 2023-11-21 10:57:39.080 [main] loginStepdefinition - User select a Europe tour package
[INFO ] 2023-11-21 10:57:44.409 [main] loginStepdefinition - User select a departure place
[INFO ] 2023-11-21 10:57:49.975 [main] loginStepdefinition - User confirms their departure city
[INFO ] 2023-11-21 10:57:54.070 [main] loginStepdefinition - User select their month of travel
[INFO ] 2023-11-21 10:57:58.829 [main] loginStepdefinition - User confirms their month of travel
[INFO ] 2023-11-21 10:58:00.864 [main] loginStepdefinition - User select the duration of stay for the travel
[INFO ] 2023-11-21 10:58:01.207 [main] loginStepdefinition - User confirms their duration of travel
[INFO ] 2023-11-21 10:58:04.007 [main] loginStepdefinition - User select package for travel
[INFO ] 2023-11-21 10:58:04.202 [main] loginStepdefinition - User confirms their package type
[INFO ] 2023-11-21 10:58:05.361 [main] loginStepdefinition - User select their theme
[INFO ] 2023-11-21 10:58:05.746 [main] loginStepdefinition - User select their Theme
[INFO ] 2023-11-21 10:58:07.747 [main] loginStepdefinition - User choose their travel locatiion
[INFO ] 2023-11-21 17:57:25.628 [main] loginStepdefinition - User select the holiday tour package
[INFO ] 2023-11-21 17:57:44.239 [main] loginStepdefinition - User select a Europe tour package
[INFO ] 2023-11-21 18:48:44.743 [main] loginStepdefinition - User select the holiday tour package
[INFO ] 2023-11-21 18:48:52.994 [main] loginStepdefinition - User select a Europe tour package
